[INFO_|06/28 16:37:03|OSTools.printMemoryUsage:1066] Memory-Mb: Max=846.5, Total=102.0, Free=75.5, Used=26.5 [3%]
[INFO_|06/28 16:37:04|BasicPrivateLabelLoader.printInfo:380] Not a 'Track/Service' servlet: DeviceEvents
[INFO_|06/28 16:37:04|DCServerFactory._loadDCServerXML:625] DCServerConfig XML file not loaded: /usr/local/tomcat/webapps/events/WEB-INF/dcservers.xml
[INFO_|06/28 16:37:04|RTConfigContextListener.contextInitialized:215] java.awt.headless=false
[INFO_|06/28 16:54:47|OSTools.printMemoryUsage:1066] Memory-Mb: Max=846.5, Total=102.0, Free=78.8, Used=23.2 [3%]
[INFO_|06/28 16:54:47|BasicPrivateLabelLoader.printInfo:380] Not a 'Track/Service' servlet: DeviceEvents
[INFO_|06/28 16:54:47|DCServerFactory._loadDCServerXML:625] DCServerConfig XML file not loaded: /usr/local/tomcat/webapps/events/WEB-INF/dcservers.xml
[INFO_|06/28 16:54:47|RTConfigContextListener.contextInitialized:215] java.awt.headless=false
[INFO_|06/28 17:18:28|OSTools.printMemoryUsage:1066] Memory-Mb: Max=846.5, Total=108.5, Free=75.6, Used=32.9 [4%]
[INFO_|06/28 17:18:28|BasicPrivateLabelLoader.printInfo:380] Not a 'Track/Service' servlet: DeviceEvents
[INFO_|06/28 17:18:28|DCServerFactory._loadDCServerXML:625] DCServerConfig XML file not loaded: /usr/local/tomcat/webapps/events/WEB-INF/dcservers.xml
[INFO_|06/28 17:18:28|RTConfigContextListener.contextInitialized:215] java.awt.headless=false
[INFO_|06/28 18:22:20|RTConfigContextListener.contextDestroyed:247] Remaining pool threads [0]: 0
[INFO_|06/28 18:22:20|RTConfigContextListener.contextDestroyed:250] ... Servlet Context destroyed: DeviceEvents
[INFO_|06/28 18:22:20|RTConfigContextListener.contextDestroyed:251] -----------------------------------------------
[INFO_|06/29 20:37:58|OSTools.printMemoryUsage:1066] Memory-Mb: Max=846.5, Total=108.0, Free=73.2, Used=34.8 [4%]
[INFO_|06/29 20:37:59|BasicPrivateLabelLoader.printInfo:380] Not a 'Track/Service' servlet: DeviceEvents
[INFO_|06/29 20:37:59|DCServerFactory._loadDCServerXML:625] DCServerConfig XML file not loaded: /usr/local/tomcat/webapps/events/WEB-INF/dcservers.xml
[INFO_|06/29 20:37:59|RTConfigContextListener.contextInitialized:215] java.awt.headless=false
[INFO_|06/29 21:36:11|RTConfigContextListener.contextDestroyed:247] Remaining pool threads [0]: 0
[INFO_|06/29 21:36:11|RTConfigContextListener.contextDestroyed:250] ... Servlet Context destroyed: DeviceEvents
[INFO_|06/29 21:36:11|RTConfigContextListener.contextDestroyed:251] -----------------------------------------------
[INFO_|06/29 21:36:17|OSTools.printMemoryUsage:1066] Memory-Mb: Max=846.5, Total=108.5, Free=74.4, Used=34.1 [4%]
[INFO_|06/29 21:36:17|BasicPrivateLabelLoader.printInfo:380] Not a 'Track/Service' servlet: DeviceEvents
[INFO_|06/29 21:36:17|DCServerFactory._loadDCServerXML:625] DCServerConfig XML file not loaded: /usr/local/tomcat/webapps/events/WEB-INF/dcservers.xml
[INFO_|06/29 21:36:17|RTConfigContextListener.contextInitialized:215] java.awt.headless=false
[INFO_|06/29 21:41:59|RTConfigContextListener.contextDestroyed:247] Remaining pool threads [0]: 0
[INFO_|06/29 21:41:59|RTConfigContextListener.contextDestroyed:250] ... Servlet Context destroyed: DeviceEvents
[INFO_|06/29 21:41:59|RTConfigContextListener.contextDestroyed:251] -----------------------------------------------
[INFO_|06/29 21:42:03|OSTools.printMemoryUsage:1066] Memory-Mb: Max=846.5, Total=102.0, Free=43.6, Used=58.4 [7%]
[INFO_|06/29 21:42:04|BasicPrivateLabelLoader.printInfo:380] Not a 'Track/Service' servlet: DeviceEvents
[INFO_|06/29 21:42:04|DCServerFactory._loadDCServerXML:625] DCServerConfig XML file not loaded: /usr/local/tomcat/webapps/events/WEB-INF/dcservers.xml
[INFO_|06/29 21:42:04|RTConfigContextListener.contextInitialized:215] java.awt.headless=false
[INFO_|06/29 22:14:02|OSTools.printMemoryUsage:1066] Memory-Mb: Max=846.5, Total=102.0, Free=44.1, Used=57.9 [7%]
[INFO_|06/29 22:14:03|BasicPrivateLabelLoader.printInfo:380] Not a 'Track/Service' servlet: DeviceEvents
[INFO_|06/29 22:14:04|DCServerFactory._loadDCServerXML:625] DCServerConfig XML file not loaded: /usr/local/tomcat/webapps/events/WEB-INF/dcservers.xml
[INFO_|06/29 22:14:04|RTConfigContextListener.contextInitialized:215] java.awt.headless=false
[INFO_|06/30 04:21:14|RTConfigContextListener.contextDestroyed:247] Remaining pool threads [0]: 0
[INFO_|06/30 04:21:14|RTConfigContextListener.contextDestroyed:250] ... Servlet Context destroyed: DeviceEvents
[INFO_|06/30 04:21:14|RTConfigContextListener.contextDestroyed:251] -----------------------------------------------
[INFO_|06/30 15:34:16|OSTools.printMemoryUsage:1066] Memory-Mb: Max=846.5, Total=77.0, Free=44.1, Used=32.9 [4%]
[INFO_|06/30 15:34:16|BasicPrivateLabelLoader.printInfo:380] Not a 'Track/Service' servlet: DeviceEvents
[INFO_|06/30 15:34:17|DCServerFactory._loadDCServerXML:625] DCServerConfig XML file not loaded: /usr/local/tomcat/webapps/events/WEB-INF/dcservers.xml
[INFO_|06/30 15:34:17|RTConfigContextListener.contextInitialized:215] java.awt.headless=false
